<?xml version="1.0" encoding="utf-8"?><testsuites name="pytest tests"><testsuite name="pytest" errors="0" failures="0" skipped="0" tests="4" time="0.046" timestamp="2026-08-29T21:52:20.498049-04:00" hostname="Caios-MacBook-Pro.local"><testcase classname="tests.test_composite_challenger" name="test_a_mute_member_does_not_discard_a_working_member" time="0.000" /><testcase classname="tests.test_composite_challenger" name="test_the_unavailability_is_recorded_not_swallowed" time="0.000" /><testcase classname="tests.test_composite_challenger" name="test_every_member_mute_still_raises" time="0.000" /><testcase classname="tests.test_composite_challenger" name="test_order_is_preserved_and_labels_name_the_member" time="0.000" /></testsuite></testsuites>